TN:
SF:/home/david/json-sanitizer/src/index.ts
FN:17,(anonymous_0)
FN:28,(anonymous_1)
FN:36,(anonymous_2)
FN:54,(anonymous_3)
FN:68,(anonymous_4)
FN:79,(anonymous_5)
FN:90,(anonymous_6)
FN:101,(anonymous_7)
FN:102,(anonymous_8)
FN:102,(anonymous_9)
FN:121,(anonymous_10)
FN:132,(anonymous_11)
FNF:12
FNH:12
FNDA:12,(anonymous_0)
FNDA:1,(anonymous_1)
FNDA:1,(anonymous_2)
FNDA:8,(anonymous_3)
FNDA:4,(anonymous_4)
FNDA:2,(anonymous_5)
FNDA:3,(anonymous_6)
FNDA:4,(anonymous_7)
FNDA:51,(anonymous_8)
FNDA:51,(anonymous_9)
FNDA:1,(anonymous_10)
FNDA:1,(anonymous_11)
DA:1,1
DA:18,12
DA:29,1
DA:30,1
DA:33,1
DA:37,1
DA:38,1
DA:41,1
DA:55,8
DA:56,7
DA:57,7
DA:69,4
DA:80,2
DA:91,3
DA:102,51
DA:122,1
DA:133,1
LF:17
LH:17
BRDA:55,0,0,1
BRDA:55,0,1,7
BRF:2
BRH:2
end_of_record
